[2017-01-06 16:37:10] my_logger.INFO: Something interesting happened [] []
[2017-01-06 16:37:54] my_logger.INFO: Get Function for ads [] []
[2017-01-06 17:26:43] my_logger.INFO: Get Function for ads [] []
[2017-01-06 17:26:50] my_logger.INFO: Get Function for ads [] []
[2017-01-06 18:06:49] my_logger.INFO: Get Function for ads [] []
[2017-01-06 18:06:51] my_logger.INFO: Get Function for ads of specific user [] []
[2017-01-06 18:07:09] my_logger.INFO: Get Function for ads of specific user [] []
[2017-01-06 18:08:25] my_logger.INFO: Get Function for ads of specific user [] []
[2017-01-06 18:08:27] my_logger.INFO: Get Function for ads of specific user [] []
[2017-01-06 18:14:32] my_logger.INFO: Get Function for ads of specific user [] []
[2017-01-06 18:14:59] my_logger.INFO: Get Function for ads of specific user [] []
[2017-01-06 18:20:58] my_logger.INFO: Update Function for ads [] []
[2017-01-06 18:21:14] my_logger.INFO: Update Function for ads [] []
[2017-01-07 04:17:46] my_logger.INFO: Get Function for ads of specific user [] []
[2017-01-07 04:17:48] my_logger.INFO: Get Function for ads of specific user [] []
[2017-01-07 04:19:39] my_logger.INFO: Update Function for ads [] []
[2017-01-07 04:19:45] my_logger.INFO: Update Function for ads [] []
[2017-01-07 04:26:01] my_logger.INFO: Get Function for ads [] []
[2017-01-07 04:30:41] my_logger.INFO: Get Function for ads [] []
[2017-01-07 04:30:53] my_logger.INFO: Get Function for ads of specific user [] []
[2017-01-07 04:31:40] my_logger.INFO: Get Function for ads [] []
[2017-01-07 04:32:10] my_logger.INFO: Get Function for ads [] []
[2017-01-07 05:35:40] my_logger.INFO: Get Function for ads [] []
[2017-01-07 07:16:28] my_logger.INFO: Get Function for ads [] []
[2017-01-07 07:16:37] my_logger.INFO: Get Function for ads [] []
[2017-01-07 08:01:24] my_logger.INFO: Get Function for ads [] []
[2017-01-07 08:01:44] my_logger.INFO: Get Function for ads of specific user [] []
[2017-01-07 08:01:53] my_logger.INFO: Get Function for ads of specific user [] []
[2017-01-07 08:05:10] my_logger.INFO: Get Function for ads of specific user [] []
[2017-01-07 08:06:24] my_logger.INFO: Get Function for ads of specific user [] []
[2017-01-07 08:08:08] my_logger.INFO: Get Function for ads of specific user [] []
[2017-01-07 08:08:19] my_logger.INFO: Get Function for ads of specific user [] []
[2017-01-07 08:08:20] my_logger.INFO: Get Function for ads of specific user [] []
[2017-01-07 08:08:20] my_logger.INFO: Get Function for ads of specific user [] []
[2017-01-07 08:08:20] my_logger.INFO: Get Function for ads of specific user [] []
[2017-01-07 08:08:20] my_logger.INFO: Get Function for ads of specific user [] []
[2017-01-07 08:08:20] my_logger.INFO: Get Function for ads of specific user [] []
[2017-01-07 08:08:21] my_logger.INFO: Get Function for ads of specific user [] []
[2017-01-07 08:08:21] my_logger.INFO: Get Function for ads of specific user [] []
[2017-01-07 08:08:22] my_logger.INFO: Get Function for ads of specific user [] []
[2017-01-07 08:08:41] my_logger.INFO: Get Function for ads of specific user [] []
[2017-01-07 08:08:55] my_logger.INFO: Get Function for ads of specific user [] []
[2017-01-07 08:08:59] my_logger.INFO: Get Function for ads of specific user [] []
[2017-01-07 08:09:22] my_logger.INFO: Get Function for ads of specific user [] []
[2017-01-07 08:09:42] my_logger.INFO: Get Function for ads of specific user [] []
[2017-01-07 08:09:43] my_logger.INFO: Get Function for ads of specific user [] []
[2017-01-07 08:09:44] my_logger.INFO: Get Function for ads of specific user [] []
[2017-01-07 08:09:44] my_logger.INFO: Get Function for ads of specific user [] []
[2017-01-07 08:09:44] my_logger.INFO: Get Function for ads of specific user [] []
[2017-01-07 08:09:51] my_logger.INFO: Get Function for ads of specific user [] []
[2017-01-07 08:09:52] my_logger.INFO: Get Function for ads of specific user [] []
[2017-01-07 08:10:31] my_logger.INFO: Get Function for ads of specific user [] []
[2017-01-07 08:10:40] my_logger.INFO: Get Function for ads of specific user [] []
[2017-01-07 08:11:14] my_logger.INFO: Get Function for ads of specific user [] []
[2017-01-07 08:11:19] my_logger.INFO: Get Function for ads of specific user [] []
[2017-01-07 08:11:38] my_logger.INFO: Get Function for ads of specific user [] []
[2017-01-07 08:12:30] my_logger.INFO: Get Function for ads of specific user [] []
[2017-01-07 08:12:34] my_logger.INFO: Get Function for ads of specific user [] []
[2017-01-07 08:12:37] my_logger.INFO: Get Function for ads of specific user [] []
[2017-01-07 08:13:53] my_logger.INFO: Get Function for ads of specific user [] []
[2017-01-07 08:13:56] my_logger.INFO: Get Function for ads of specific user [] []
[2017-01-07 08:13:57] my_logger.INFO: Get Function for ads of specific user [] []
[2017-01-07 08:13:57] my_logger.INFO: Get Function for ads of specific user [] []
[2017-01-07 08:13:58] my_logger.INFO: Get Function for ads of specific user [] []
[2017-01-07 08:14:16] my_logger.INFO: Get Function for ads of specific user [] []
[2017-01-07 08:14:27] my_logger.INFO: Get Function for ads of specific user [] []
[2017-01-07 08:14:28] my_logger.INFO: Get Function for ads of specific user [] []
[2017-01-07 08:14:31] my_logger.INFO: Get Function for ads of specific user [] []
[2017-01-07 08:14:31] my_logger.INFO: Get Function for ads of specific user [] []
[2017-01-07 08:14:42] my_logger.INFO: Get Function for ads of specific user [] []
[2017-01-07 08:14:43] my_logger.INFO: Get Function for ads of specific user [] []
[2017-01-07 08:14:44] my_logger.INFO: Get Function for ads of specific user [] []
[2017-01-07 08:14:44] my_logger.INFO: Get Function for ads of specific user [] []
[2017-01-07 08:14:44] my_logger.INFO: Get Function for ads of specific user [] []
[2017-01-07 08:14:49] my_logger.INFO: Get Function for ads of specific user [] []
[2017-01-07 08:14:50] my_logger.INFO: Get Function for ads of specific user [] []
[2017-01-07 08:14:50] my_logger.INFO: Get Function for ads of specific user [] []
[2017-01-07 08:15:46] my_logger.INFO: Get Function for ads of specific user [] []
[2017-01-07 08:15:46] my_logger.INFO: Get Function for ads of specific user [] []
[2017-01-07 08:15:49] my_logger.INFO: Get Function for ads of specific user [] []
[2017-01-07 08:15:49] my_logger.INFO: Get Function for ads of specific user [] []
[2017-01-07 08:15:50] my_logger.INFO: Get Function for ads of specific user [] []
[2017-01-07 08:15:54] my_logger.INFO: Get Function for ads of specific user [] []
[2017-01-07 08:15:55] my_logger.INFO: Get Function for ads of specific user [] []
[2017-01-07 08:15:55] my_logger.INFO: Get Function for ads of specific user [] []
[2017-01-07 08:15:55] my_logger.INFO: Get Function for ads of specific user [] []
[2017-01-07 08:15:56] my_logger.INFO: Get Function for ads of specific user [] []
[2017-01-07 08:16:35] my_logger.INFO: Get Function for ads of specific user [] []
[2017-01-07 08:16:46] my_logger.INFO: Get Function for ads of specific user [] []
[2017-01-07 08:16:48] my_logger.INFO: Get Function for ads of specific user [] []
[2017-01-07 08:16:48] my_logger.INFO: Get Function for ads of specific user [] []
[2017-01-07 08:16:49] my_logger.INFO: Get Function for ads of specific user [] []
[2017-01-07 08:16:49] my_logger.INFO: Get Function for ads of specific user [] []
[2017-01-07 08:16:49] my_logger.INFO: Get Function for ads of specific user [] []
[2017-01-07 08:16:49] my_logger.INFO: Get Function for ads of specific user [] []
[2017-01-07 08:16:50] my_logger.INFO: Get Function for ads of specific user [] []
[2017-01-07 08:16:50] my_logger.INFO: Get Function for ads of specific user [] []
[2017-01-07 08:16:50] my_logger.INFO: Get Function for ads of specific user [] []
[2017-01-07 08:16:50] my_logger.INFO: Get Function for ads of specific user [] []
[2017-01-07 08:16:51] my_logger.INFO: Get Function for ads of specific user [] []
[2017-01-07 08:16:51] my_logger.INFO: Get Function for ads of specific user [] []
[2017-01-07 08:16:51] my_logger.INFO: Get Function for ads of specific user [] []
[2017-01-07 08:16:52] my_logger.INFO: Get Function for ads of specific user [] []
[2017-01-07 08:16:52] my_logger.INFO: Get Function for ads of specific user [] []
[2017-01-07 08:16:52] my_logger.INFO: Get Function for ads of specific user [] []
[2017-01-07 08:16:53] my_logger.INFO: Get Function for ads of specific user [] []
[2017-01-07 08:16:53] my_logger.INFO: Get Function for ads of specific user [] []
[2017-01-07 08:16:53] my_logger.INFO: Get Function for ads of specific user [] []
[2017-01-07 08:16:53] my_logger.INFO: Get Function for ads of specific user [] []
[2017-01-07 08:16:53] my_logger.INFO: Get Function for ads of specific user [] []
[2017-01-07 08:16:53] my_logger.INFO: Get Function for ads of specific user [] []
[2017-01-07 08:16:54] my_logger.INFO: Get Function for ads of specific user [] []
[2017-01-07 08:16:54] my_logger.INFO: Get Function for ads of specific user [] []
[2017-01-07 08:16:58] my_logger.INFO: Get Function for ads of specific user [] []
[2017-01-07 08:16:58] my_logger.INFO: Get Function for ads of specific user [] []
[2017-01-07 08:16:58] my_logger.INFO: Get Function for ads of specific user [] []
[2017-01-07 08:16:59] my_logger.INFO: Get Function for ads of specific user [] []
[2017-01-07 08:16:59] my_logger.INFO: Get Function for ads of specific user [] []
[2017-01-07 08:16:59] my_logger.INFO: Get Function for ads of specific user [] []
[2017-01-07 08:16:59] my_logger.INFO: Get Function for ads of specific user [] []
[2017-01-07 08:16:59] my_logger.INFO: Get Function for ads of specific user [] []
[2017-01-07 08:16:59] my_logger.INFO: Get Function for ads of specific user [] []
[2017-01-07 08:16:59] my_logger.INFO: Get Function for ads of specific user [] []
[2017-01-07 08:17:00] my_logger.INFO: Get Function for ads of specific user [] []
[2017-01-07 08:17:00] my_logger.INFO: Get Function for ads of specific user [] []
[2017-01-07 08:17:00] my_logger.INFO: Get Function for ads of specific user [] []
[2017-01-07 08:17:00] my_logger.INFO: Get Function for ads of specific user [] []
[2017-01-07 08:17:00] my_logger.INFO: Get Function for ads of specific user [] []
[2017-01-07 08:17:00] my_logger.INFO: Get Function for ads of specific user [] []
[2017-01-07 08:17:00] my_logger.INFO: Get Function for ads of specific user [] []
[2017-01-07 08:17:01] my_logger.INFO: Get Function for ads of specific user [] []
[2017-01-07 08:17:01] my_logger.INFO: Get Function for ads of specific user [] []
[2017-01-07 08:17:01] my_logger.INFO: Get Function for ads of specific user [] []
[2017-01-07 08:17:01] my_logger.INFO: Get Function for ads of specific user [] []
[2017-01-07 08:17:02] my_logger.INFO: Get Function for ads of specific user [] []
[2017-01-07 08:17:03] my_logger.INFO: Get Function for ads of specific user [] []
[2017-01-07 08:17:03] my_logger.INFO: Get Function for ads of specific user [] []
[2017-01-07 08:17:03] my_logger.INFO: Get Function for ads of specific user [] []
[2017-01-07 08:17:03] my_logger.INFO: Get Function for ads of specific user [] []
[2017-01-07 08:17:04] my_logger.INFO: Get Function for ads of specific user [] []
[2017-01-07 08:17:04] my_logger.INFO: Get Function for ads of specific user [] []
[2017-01-07 08:17:04] my_logger.INFO: Get Function for ads of specific user [] []
[2017-01-07 08:17:04] my_logger.INFO: Get Function for ads of specific user [] []
[2017-01-07 08:17:04] my_logger.INFO: Get Function for ads of specific user [] []
[2017-01-07 08:17:04] my_logger.INFO: Get Function for ads of specific user [] []
[2017-01-07 08:17:05] my_logger.INFO: Get Function for ads of specific user [] []
[2017-01-07 08:17:08] my_logger.INFO: Get Function for ads of specific user [] []
[2017-01-07 08:17:09] my_logger.INFO: Get Function for ads of specific user [] []
[2017-01-07 08:17:58] my_logger.INFO: Get Function for ads of specific user [] []
[2017-01-07 08:17:59] my_logger.INFO: Get Function for ads of specific user [] []
[2017-01-07 08:17:59] my_logger.INFO: Get Function for ads of specific user [] []
[2017-01-07 08:17:59] my_logger.INFO: Get Function for ads of specific user [] []
[2017-01-07 08:17:59] my_logger.INFO: Get Function for ads of specific user [] []
[2017-01-07 08:17:59] my_logger.INFO: Get Function for ads of specific user [] []
[2017-01-07 08:17:59] my_logger.INFO: Get Function for ads of specific user [] []
[2017-01-07 08:18:00] my_logger.INFO: Get Function for ads of specific user [] []
[2017-01-07 08:18:00] my_logger.INFO: Get Function for ads of specific user [] []
[2017-01-07 08:18:00] my_logger.INFO: Get Function for ads of specific user [] []
[2017-01-07 08:18:00] my_logger.INFO: Get Function for ads of specific user [] []
[2017-01-07 08:18:20] my_logger.INFO: Get Function for ads of specific user [] []
[2017-01-07 08:18:20] my_logger.INFO: Get Function for ads of specific user [] []
[2017-01-07 08:18:21] my_logger.INFO: Get Function for ads of specific user [] []
[2017-01-07 08:18:21] my_logger.INFO: Get Function for ads of specific user [] []
[2017-01-07 08:18:21] my_logger.INFO: Get Function for ads of specific user [] []
[2017-01-07 08:18:21] my_logger.INFO: Get Function for ads of specific user [] []
[2017-01-07 08:18:21] my_logger.INFO: Get Function for ads of specific user [] []
[2017-01-07 08:18:21] my_logger.INFO: Get Function for ads of specific user [] []
[2017-01-07 08:18:22] my_logger.INFO: Get Function for ads of specific user [] []
[2017-01-07 08:18:22] my_logger.INFO: Get Function for ads of specific user [] []
[2017-01-07 08:18:22] my_logger.INFO: Get Function for ads of specific user [] []
[2017-01-07 08:18:22] my_logger.INFO: Get Function for ads of specific user [] []
[2017-01-07 08:18:22] my_logger.INFO: Get Function for ads of specific user [] []
[2017-01-07 08:18:22] my_logger.INFO: Get Function for ads of specific user [] []
[2017-01-07 08:18:23] my_logger.INFO: Get Function for ads of specific user [] []
[2017-01-07 08:18:23] my_logger.INFO: Get Function for ads of specific user [] []
[2017-01-07 08:18:23] my_logger.INFO: Get Function for ads of specific user [] []
[2017-01-07 08:18:23] my_logger.INFO: Get Function for ads of specific user [] []
[2017-01-07 08:18:23] my_logger.INFO: Get Function for ads of specific user [] []
[2017-01-07 08:18:23] my_logger.INFO: Get Function for ads of specific user [] []
[2017-01-07 08:18:24] my_logger.INFO: Get Function for ads of specific user [] []
[2017-01-07 08:18:24] my_logger.INFO: Get Function for ads of specific user [] []
[2017-01-07 08:18:25] my_logger.INFO: Get Function for ads of specific user [] []
[2017-01-07 08:18:25] my_logger.INFO: Get Function for ads of specific user [] []
[2017-01-07 08:18:25] my_logger.INFO: Get Function for ads of specific user [] []
[2017-01-07 08:18:25] my_logger.INFO: Get Function for ads of specific user [] []
[2017-01-07 08:18:25] my_logger.INFO: Get Function for ads of specific user [] []
[2017-01-07 08:18:26] my_logger.INFO: Get Function for ads of specific user [] []
[2017-01-07 08:18:26] my_logger.INFO: Get Function for ads of specific user [] []
[2017-01-07 08:18:26] my_logger.INFO: Get Function for ads of specific user [] []
[2017-01-07 08:18:27] my_logger.INFO: Get Function for ads of specific user [] []
[2017-01-07 08:18:27] my_logger.INFO: Get Function for ads of specific user [] []
[2017-01-07 08:18:27] my_logger.INFO: Get Function for ads of specific user [] []
[2017-01-07 08:18:27] my_logger.INFO: Get Function for ads of specific user [] []
[2017-01-07 08:18:27] my_logger.INFO: Get Function for ads of specific user [] []
[2017-01-07 08:18:28] my_logger.INFO: Get Function for ads of specific user [] []
[2017-01-07 08:18:28] my_logger.INFO: Get Function for ads of specific user [] []
[2017-01-07 08:18:28] my_logger.INFO: Get Function for ads of specific user [] []
[2017-01-07 08:18:28] my_logger.INFO: Get Function for ads of specific user [] []
[2017-01-07 08:18:28] my_logger.INFO: Get Function for ads of specific user [] []
[2017-01-07 08:18:29] my_logger.INFO: Get Function for ads of specific user [] []
[2017-01-07 08:18:29] my_logger.INFO: Get Function for ads of specific user [] []
[2017-01-07 08:18:29] my_logger.INFO: Get Function for ads of specific user [] []
[2017-01-07 08:18:29] my_logger.INFO: Get Function for ads of specific user [] []
[2017-01-07 08:18:29] my_logger.INFO: Get Function for ads of specific user [] []
[2017-01-07 08:18:30] my_logger.INFO: Get Function for ads of specific user [] []
[2017-01-07 08:18:30] my_logger.INFO: Get Function for ads of specific user [] []
[2017-01-07 08:18:30] my_logger.INFO: Get Function for ads of specific user [] []
[2017-01-07 08:18:30] my_logger.INFO: Get Function for ads of specific user [] []
[2017-01-07 08:18:31] my_logger.INFO: Get Function for ads of specific user [] []
[2017-01-07 08:18:31] my_logger.INFO: Get Function for ads of specific user [] []
[2017-01-07 08:18:31] my_logger.INFO: Get Function for ads of specific user [] []
[2017-01-07 08:18:31] my_logger.INFO: Get Function for ads of specific user [] []
[2017-01-07 08:18:32] my_logger.INFO: Get Function for ads of specific user [] []
[2017-01-07 08:18:32] my_logger.INFO: Get Function for ads of specific user [] []
[2017-01-07 08:18:32] my_logger.INFO: Get Function for ads of specific user [] []
[2017-01-07 08:18:32] my_logger.INFO: Get Function for ads of specific user [] []
[2017-01-07 08:18:33] my_logger.INFO: Get Function for ads of specific user [] []
[2017-01-07 08:18:35] my_logger.INFO: Get Function for ads of specific user [] []
[2017-01-07 08:18:36] my_logger.INFO: Get Function for ads of specific user [] []
[2017-01-07 08:18:36] my_logger.INFO: Get Function for ads of specific user [] []
[2017-01-07 08:18:36] my_logger.INFO: Get Function for ads of specific user [] []
[2017-01-07 08:18:37] my_logger.INFO: Get Function for ads of specific user [] []
[2017-01-07 08:18:37] my_logger.INFO: Get Function for ads of specific user [] []
[2017-01-07 08:18:37] my_logger.INFO: Get Function for ads of specific user [] []
[2017-01-07 08:18:37] my_logger.INFO: Get Function for ads of specific user [] []
[2017-01-07 08:18:38] my_logger.INFO: Get Function for ads of specific user [] []
[2017-01-07 08:18:38] my_logger.INFO: Get Function for ads of specific user [] []
[2017-01-07 08:18:38] my_logger.INFO: Get Function for ads of specific user [] []
[2017-01-07 08:18:38] my_logger.INFO: Get Function for ads of specific user [] []
[2017-01-07 08:18:38] my_logger.INFO: Get Function for ads of specific user [] []
[2017-01-07 08:18:39] my_logger.INFO: Get Function for ads of specific user [] []
[2017-01-07 08:18:39] my_logger.INFO: Get Function for ads of specific user [] []
[2017-01-07 08:18:40] my_logger.INFO: Get Function for ads of specific user [] []
[2017-01-07 08:18:42] my_logger.INFO: Get Function for ads of specific user [] []
[2017-01-07 08:18:42] my_logger.INFO: Get Function for ads of specific user [] []
[2017-01-07 08:18:42] my_logger.INFO: Get Function for ads of specific user [] []
[2017-01-07 08:18:43] my_logger.INFO: Get Function for ads of specific user [] []
[2017-01-07 08:18:43] my_logger.INFO: Get Function for ads of specific user [] []
[2017-01-07 08:18:43] my_logger.INFO: Get Function for ads of specific user [] []
[2017-01-07 08:18:43] my_logger.INFO: Get Function for ads of specific user [] []
[2017-01-07 08:18:43] my_logger.INFO: Get Function for ads of specific user [] []
[2017-01-07 08:18:44] my_logger.INFO: Get Function for ads of specific user [] []
[2017-01-07 08:18:44] my_logger.INFO: Get Function for ads of specific user [] []
[2017-01-07 08:18:44] my_logger.INFO: Get Function for ads of specific user [] []
[2017-01-07 08:18:44] my_logger.INFO: Get Function for ads of specific user [] []
[2017-01-07 08:18:45] my_logger.INFO: Get Function for ads of specific user [] []
[2017-01-07 08:18:45] my_logger.INFO: Get Function for ads of specific user [] []
[2017-01-07 08:18:45] my_logger.INFO: Get Function for ads of specific user [] []
[2017-01-07 08:18:46] my_logger.INFO: Get Function for ads of specific user [] []
[2017-01-07 08:18:46] my_logger.INFO: Get Function for ads of specific user [] []
[2017-01-07 08:18:46] my_logger.INFO: Get Function for ads of specific user [] []
[2017-01-07 08:18:46] my_logger.INFO: Get Function for ads of specific user [] []
[2017-01-07 08:18:51] my_logger.INFO: Get Function for ads of specific user [] []
[2017-01-07 08:18:52] my_logger.INFO: Get Function for ads of specific user [] []
[2017-01-07 08:18:52] my_logger.INFO: Get Function for ads of specific user [] []
[2017-01-07 08:18:52] my_logger.INFO: Get Function for ads of specific user [] []
[2017-01-07 08:18:52] my_logger.INFO: Get Function for ads of specific user [] []
[2017-01-07 08:18:53] my_logger.INFO: Get Function for ads of specific user [] []
[2017-01-07 08:18:53] my_logger.INFO: Get Function for ads of specific user [] []
[2017-01-07 08:18:53] my_logger.INFO: Get Function for ads of specific user [] []
[2017-01-07 08:18:53] my_logger.INFO: Get Function for ads of specific user [] []
[2017-01-07 08:18:54] my_logger.INFO: Get Function for ads of specific user [] []
[2017-01-07 08:18:54] my_logger.INFO: Get Function for ads of specific user [] []
[2017-01-07 08:18:54] my_logger.INFO: Get Function for ads of specific user [] []
[2017-01-07 08:18:55] my_logger.INFO: Get Function for ads of specific user [] []
[2017-01-07 08:18:55] my_logger.INFO: Get Function for ads of specific user [] []
[2017-01-07 08:18:55] my_logger.INFO: Get Function for ads of specific user [] []
[2017-01-07 08:18:56] my_logger.INFO: Get Function for ads of specific user [] []
[2017-01-07 08:18:58] my_logger.INFO: Get Function for ads of specific user [] []
[2017-01-07 08:19:00] my_logger.INFO: Get Function for ads of specific user [] []
[2017-01-07 08:19:00] my_logger.INFO: Get Function for ads of specific user [] []
[2017-01-07 08:19:00] my_logger.INFO: Get Function for ads of specific user [] []
[2017-01-07 08:19:01] my_logger.INFO: Get Function for ads of specific user [] []
[2017-01-07 08:19:01] my_logger.INFO: Get Function for ads of specific user [] []
[2017-01-07 08:19:01] my_logger.INFO: Get Function for ads of specific user [] []
[2017-01-07 08:19:01] my_logger.INFO: Get Function for ads of specific user [] []
[2017-01-07 08:19:05] my_logger.INFO: Get Function for ads of specific user [] []
[2017-01-07 08:19:06] my_logger.INFO: Get Function for ads of specific user [] []
[2017-01-07 08:19:06] my_logger.INFO: Get Function for ads of specific user [] []
[2017-01-07 08:19:06] my_logger.INFO: Get Function for ads of specific user [] []
[2017-01-07 08:19:06] my_logger.INFO: Get Function for ads of specific user [] []
[2017-01-07 08:19:07] my_logger.INFO: Get Function for ads of specific user [] []
[2017-01-07 08:19:07] my_logger.INFO: Get Function for ads of specific user [] []
[2017-01-07 08:19:07] my_logger.INFO: Get Function for ads of specific user [] []
[2017-01-07 08:19:07] my_logger.INFO: Get Function for ads of specific user [] []
[2017-01-07 08:19:07] my_logger.INFO: Get Function for ads of specific user [] []
[2017-01-07 08:19:08] my_logger.INFO: Get Function for ads of specific user [] []
[2017-01-07 08:19:08] my_logger.INFO: Get Function for ads of specific user [] []
[2017-01-07 08:19:08] my_logger.INFO: Get Function for ads of specific user [] []
[2017-01-07 08:19:08] my_logger.INFO: Get Function for ads of specific user [] []
[2017-01-07 08:19:36] my_logger.INFO: Get Function for ads of specific user [] []
[2017-01-07 08:19:37] my_logger.INFO: Get Function for ads of specific user [] []
[2017-01-07 08:19:37] my_logger.INFO: Get Function for ads of specific user [] []
[2017-01-07 08:19:37] my_logger.INFO: Get Function for ads of specific user [] []
[2017-01-07 08:19:48] my_logger.INFO: Get Function for ads of specific user [] []
[2017-01-07 08:19:53] my_logger.INFO: Get Function for ads of specific user [] []
[2017-01-07 08:20:01] my_logger.INFO: Get Function for ads of specific user [] []
[2017-01-07 08:20:03] my_logger.INFO: Get Function for ads of specific user [] []
[2017-01-07 08:20:36] my_logger.INFO: Get Function for ads of specific user [] []
[2017-01-07 08:20:49] my_logger.INFO: Get Function for ads of specific user [] []
[2017-01-07 08:20:53] my_logger.INFO: Get Function for ads of specific user [] []
[2017-01-07 08:21:07] my_logger.INFO: Get Function for ads of specific user [] []
[2017-01-07 08:21:08] my_logger.INFO: Get Function for ads of specific user [] []
[2017-01-07 08:21:08] my_logger.INFO: Get Function for ads of specific user [] []
[2017-01-07 08:21:08] my_logger.INFO: Get Function for ads of specific user [] []
[2017-01-07 08:21:09] my_logger.INFO: Get Function for ads of specific user [] []
[2017-01-07 08:21:09] my_logger.INFO: Get Function for ads of specific user [] []
[2017-01-07 08:21:09] my_logger.INFO: Get Function for ads of specific user [] []
[2017-01-07 08:21:09] my_logger.INFO: Get Function for ads of specific user [] []
[2017-01-07 08:21:09] my_logger.INFO: Get Function for ads of specific user [] []
[2017-01-07 08:21:09] my_logger.INFO: Get Function for ads of specific user [] []
[2017-01-07 08:21:10] my_logger.INFO: Get Function for ads of specific user [] []
[2017-01-07 08:21:10] my_logger.INFO: Get Function for ads of specific user [] []
[2017-01-07 08:21:13] my_logger.INFO: Get Function for ads of specific user [] []
[2017-01-07 08:21:14] my_logger.INFO: Get Function for ads of specific user [] []
[2017-01-07 08:21:14] my_logger.INFO: Get Function for ads of specific user [] []
[2017-01-07 08:21:15] my_logger.INFO: Get Function for ads of specific user [] []
[2017-01-07 08:21:15] my_logger.INFO: Get Function for ads of specific user [] []
[2017-01-07 08:21:15] my_logger.INFO: Get Function for ads of specific user [] []
[2017-01-07 08:21:15] my_logger.INFO: Get Function for ads of specific user [] []
[2017-01-07 08:21:15] my_logger.INFO: Get Function for ads of specific user [] []
[2017-01-07 08:21:15] my_logger.INFO: Get Function for ads of specific user [] []
[2017-01-07 08:21:16] my_logger.INFO: Get Function for ads of specific user [] []
[2017-01-07 08:21:16] my_logger.INFO: Get Function for ads of specific user [] []
[2017-01-07 08:21:39] my_logger.INFO: Get Function for ads of specific user [] []
[2017-01-07 08:21:40] my_logger.INFO: Get Function for ads of specific user [] []
[2017-01-07 08:21:40] my_logger.INFO: Get Function for ads of specific user [] []
[2017-01-07 08:21:40] my_logger.INFO: Get Function for ads of specific user [] []
[2017-01-07 08:21:41] my_logger.INFO: Get Function for ads of specific user [] []
[2017-01-07 08:21:41] my_logger.INFO: Get Function for ads of specific user [] []
[2017-01-07 08:21:41] my_logger.INFO: Get Function for ads of specific user [] []
[2017-01-07 08:21:41] my_logger.INFO: Get Function for ads of specific user [] []
[2017-01-07 08:21:41] my_logger.INFO: Get Function for ads of specific user [] []
[2017-01-07 08:21:41] my_logger.INFO: Get Function for ads of specific user [] []
[2017-01-07 08:21:42] my_logger.INFO: Get Function for ads of specific user [] []
[2017-01-07 08:21:42] my_logger.INFO: Get Function for ads of specific user [] []
[2017-01-07 08:21:42] my_logger.INFO: Get Function for ads of specific user [] []
[2017-01-07 08:21:42] my_logger.INFO: Get Function for ads of specific user [] []
[2017-01-07 08:21:42] my_logger.INFO: Get Function for ads of specific user [] []
[2017-01-07 08:21:42] my_logger.INFO: Get Function for ads of specific user [] []
[2017-01-07 08:21:43] my_logger.INFO: Get Function for ads of specific user [] []
[2017-01-07 08:21:43] my_logger.INFO: Get Function for ads of specific user [] []
[2017-01-07 08:21:43] my_logger.INFO: Get Function for ads of specific user [] []
[2017-01-07 08:21:43] my_logger.INFO: Get Function for ads of specific user [] []
[2017-01-07 08:21:43] my_logger.INFO: Get Function for ads of specific user [] []
[2017-01-07 08:21:44] my_logger.INFO: Get Function for ads of specific user [] []
[2017-01-07 08:21:44] my_logger.INFO: Get Function for ads of specific user [] []
[2017-01-07 08:21:44] my_logger.INFO: Get Function for ads of specific user [] []
[2017-01-07 08:21:44] my_logger.INFO: Get Function for ads of specific user [] []
[2017-01-07 08:21:44] my_logger.INFO: Get Function for ads of specific user [] []
[2017-01-07 08:21:45] my_logger.INFO: Get Function for ads of specific user [] []
[2017-01-07 08:22:01] my_logger.INFO: Get Function for ads of specific user [] []
[2017-01-07 08:22:02] my_logger.INFO: Get Function for ads of specific user [] []
[2017-01-07 08:22:02] my_logger.INFO: Get Function for ads of specific user [] []
[2017-01-07 08:22:02] my_logger.INFO: Get Function for ads of specific user [] []
[2017-01-07 08:22:02] my_logger.INFO: Get Function for ads of specific user [] []
[2017-01-07 08:22:02] my_logger.INFO: Get Function for ads of specific user [] []
[2017-01-07 08:22:03] my_logger.INFO: Get Function for ads of specific user [] []
[2017-01-07 08:22:07] my_logger.INFO: Get Function for ads of specific user [] []
[2017-01-07 08:22:08] my_logger.INFO: Get Function for ads of specific user [] []
[2017-01-07 08:22:08] my_logger.INFO: Get Function for ads of specific user [] []
[2017-01-07 08:22:09] my_logger.INFO: Get Function for ads of specific user [] []
[2017-01-07 08:22:09] my_logger.INFO: Get Function for ads of specific user [] []
[2017-01-07 08:22:09] my_logger.INFO: Get Function for ads of specific user [] []
[2017-01-07 08:22:09] my_logger.INFO: Get Function for ads of specific user [] []
[2017-01-07 08:22:09] my_logger.INFO: Get Function for ads of specific user [] []
[2017-01-07 08:22:10] my_logger.INFO: Get Function for ads of specific user [] []
[2017-01-07 08:22:10] my_logger.INFO: Get Function for ads of specific user [] []
[2017-01-07 08:22:10] my_logger.INFO: Get Function for ads of specific user [] []
[2017-01-07 08:22:10] my_logger.INFO: Get Function for ads of specific user [] []
[2017-01-07 08:22:10] my_logger.INFO: Get Function for ads of specific user [] []
[2017-01-07 08:22:11] my_logger.INFO: Get Function for ads of specific user [] []
[2017-01-07 08:22:11] my_logger.INFO: Get Function for ads of specific user [] []
[2017-01-07 08:22:12] my_logger.INFO: Get Function for ads of specific user [] []
[2017-01-07 08:22:12] my_logger.INFO: Get Function for ads of specific user [] []
[2017-01-07 08:22:12] my_logger.INFO: Get Function for ads of specific user [] []
[2017-01-07 08:22:13] my_logger.INFO: Get Function for ads of specific user [] []
[2017-01-07 08:22:13] my_logger.INFO: Get Function for ads of specific user [] []
[2017-01-07 08:22:13] my_logger.INFO: Get Function for ads of specific user [] []
[2017-01-07 08:22:13] my_logger.INFO: Get Function for ads of specific user [] []
[2017-01-07 08:22:13] my_logger.INFO: Get Function for ads of specific user [] []
[2017-01-07 08:22:14] my_logger.INFO: Get Function for ads of specific user [] []
[2017-01-07 08:22:14] my_logger.INFO: Get Function for ads of specific user [] []
[2017-01-07 08:22:14] my_logger.INFO: Get Function for ads of specific user [] []
[2017-01-07 08:23:40] my_logger.INFO: Get Function for ads of specific user [] []
[2017-01-07 08:23:40] my_logger.INFO: Get Function for ads of specific user [] []
[2017-01-07 08:23:40] my_logger.INFO: Get Function for ads of specific user [] []
[2017-01-07 08:23:41] my_logger.INFO: Get Function for ads of specific user [] []
[2017-01-07 08:23:41] my_logger.INFO: Get Function for ads of specific user [] []
[2017-01-07 08:23:41] my_logger.INFO: Get Function for ads of specific user [] []
[2017-01-07 08:23:41] my_logger.INFO: Get Function for ads of specific user [] []
[2017-01-07 08:23:41] my_logger.INFO: Get Function for ads of specific user [] []
[2017-01-07 08:23:42] my_logger.INFO: Get Function for ads of specific user [] []
[2017-01-07 08:23:42] my_logger.INFO: Get Function for ads of specific user [] []
[2017-01-07 08:23:42] my_logger.INFO: Get Function for ads of specific user [] []
[2017-01-07 08:23:42] my_logger.INFO: Get Function for ads of specific user [] []
[2017-01-07 08:23:42] my_logger.INFO: Get Function for ads of specific user [] []
[2017-01-07 08:23:43] my_logger.INFO: Get Function for ads of specific user [] []
[2017-01-07 08:23:43] my_logger.INFO: Get Function for ads of specific user [] []
[2017-01-07 08:23:43] my_logger.INFO: Get Function for ads of specific user [] []
[2017-01-07 08:23:43] my_logger.INFO: Get Function for ads of specific user [] []
[2017-01-07 08:23:43] my_logger.INFO: Get Function for ads of specific user [] []
[2017-01-07 08:23:44] my_logger.INFO: Get Function for ads of specific user [] []
[2017-01-07 08:23:44] my_logger.INFO: Get Function for ads of specific user [] []
[2017-01-07 08:23:44] my_logger.INFO: Get Function for ads of specific user [] []
[2017-01-07 08:23:44] my_logger.INFO: Get Function for ads of specific user [] []
[2017-01-07 08:23:44] my_logger.INFO: Get Function for ads of specific user [] []
[2017-01-07 08:23:44] my_logger.INFO: Get Function for ads of specific user [] []
[2017-01-07 08:23:45] my_logger.INFO: Get Function for ads of specific user [] []
[2017-01-07 08:23:45] my_logger.INFO: Get Function for ads of specific user [] []
[2017-01-07 08:23:45] my_logger.INFO: Get Function for ads of specific user [] []
[2017-01-07 08:23:45] my_logger.INFO: Get Function for ads of specific user [] []
[2017-01-07 08:23:46] my_logger.INFO: Get Function for ads of specific user [] []
[2017-01-07 08:23:46] my_logger.INFO: Get Function for ads of specific user [] []
[2017-01-07 08:23:46] my_logger.INFO: Get Function for ads of specific user [] []
[2017-01-07 08:23:46] my_logger.INFO: Get Function for ads of specific user [] []
[2017-01-07 08:23:46] my_logger.INFO: Get Function for ads of specific user [] []
[2017-01-07 08:48:22] my_logger.INFO: Get Function for ads of specific user [] []
[2017-01-07 08:49:11] my_logger.INFO: Get Function for ads of specific user [] []
[2017-01-07 08:49:23] my_logger.INFO: Get Function for ads of specific user [] []
[2017-01-07 09:12:25] my_logger.INFO: Registration [] []
[2017-01-07 09:15:01] my_logger.INFO: Registration [] []
[2017-01-07 09:15:27] my_logger.INFO: Registration [] []
[2017-01-07 09:16:14] my_logger.INFO: Registration [] []
[2017-01-07 09:17:33] my_logger.INFO: Registration [] []
[2017-01-07 09:18:34] my_logger.INFO: Registration [] []
[2017-01-07 09:20:13] my_logger.INFO: Registration [] []
[2017-01-07 09:22:03] my_logger.INFO: Registration [] []
[2017-01-07 09:23:56] my_logger.INFO: Registration [] []
[2017-01-07 09:26:10] my_logger.INFO: Registration [] []
[2017-01-07 09:26:35] my_logger.INFO: Registration [] []
[2017-01-07 09:27:14] my_logger.INFO: Registration [] []
[2017-01-07 09:27:34] my_logger.INFO: Registration [] []
[2017-01-07 09:28:11] my_logger.INFO: Registration [] []
[2017-01-07 09:28:27] my_logger.INFO: Registration [] []
[2017-01-07 09:28:38] my_logger.INFO: Registration [] []
[2017-01-07 09:28:55] my_logger.INFO: Registration [] []
[2017-01-07 10:15:11] my_logger.INFO: Registration [] []
[2017-01-07 10:15:41] my_logger.INFO: Registration [] []
[2017-01-07 10:16:57] my_logger.INFO: Registration [] []
[2017-01-07 10:18:40] my_logger.INFO: Registration [] []
[2017-01-07 10:19:34] my_logger.INFO: Registration [] []
[2017-01-07 10:30:48] my_logger.INFO: Registration [] []
[2017-01-07 10:30:56] my_logger.INFO: Registration [] []
[2017-01-07 10:31:03] my_logger.INFO: Registration [] []
[2017-01-07 10:32:36] my_logger.INFO: Registration [] []
[2017-01-07 10:32:52] my_logger.INFO: Registration [] []
[2017-01-07 10:32:59] my_logger.INFO: Registration [] []
[2017-01-07 10:35:08] my_logger.INFO: Registration [] []
[2017-01-07 10:55:45] my_logger.INFO: Registration [] []
[2017-01-07 14:20:19] my_logger.INFO: Registration [] []
[2017-01-07 14:20:33] my_logger.INFO: Registration [] []
[2017-01-07 14:21:51] my_logger.INFO: Registration [] []
[2017-01-07 14:22:00] my_logger.INFO: Registration [] []
[2017-01-07 14:22:53] my_logger.INFO: Registration [] []
[2017-01-07 14:23:48] my_logger.INFO: Registration [] []
[2017-01-07 14:26:51] my_logger.INFO: Registration [] []
[2017-01-07 14:27:04] my_logger.INFO: Registration [] []
[2017-01-07 14:27:10] my_logger.INFO: Registration [] []
[2017-01-07 14:27:38] my_logger.INFO: Registration [] []
[2017-01-07 14:27:55] my_logger.INFO: Registration [] []
[2017-01-07 14:29:56] my_logger.INFO: Registration [] []
[2017-01-07 14:32:41] my_logger.INFO: Registration [] []
[2017-01-07 14:32:49] my_logger.INFO: Registration [] []
[2017-01-07 14:33:53] my_logger.INFO: Registration [] []
[2017-01-07 14:34:42] my_logger.INFO: Registration [] []
[2017-01-07 14:35:49] my_logger.INFO: Registration [] []
[2017-01-07 14:36:31] my_logger.INFO: Registration [] []
[2017-01-07 14:36:46] my_logger.INFO: Registration [] []
[2017-01-07 14:40:53] my_logger.INFO: Registration [] []
[2017-01-07 14:41:03] my_logger.INFO: Registration [] []
[2017-01-07 14:41:10] my_logger.INFO: Registration [] []
[2017-01-07 14:54:10] my_logger.INFO: Registration [] []
[2017-01-07 14:54:16] my_logger.INFO: Registration [] []
[2017-01-07 14:54:24] my_logger.INFO: Registration [] []
[2017-01-07 14:54:39] my_logger.INFO: Registration [] []
[2017-01-07 14:54:44] my_logger.INFO: Registration [] []
[2017-01-07 14:54:47] my_logger.INFO: Registration [] []
[2017-01-07 14:55:24] my_logger.INFO: Registration [] []
[2017-01-07 14:55:34] my_logger.INFO: Registration [] []
[2017-01-07 14:55:43] my_logger.INFO: Registration [] []
[2017-01-07 15:02:19] my_logger.INFO: Registration [] []
[2017-01-07 15:02:59] my_logger.INFO: Registration [] []
[2017-01-07 15:04:40] my_logger.INFO: Registration [] []
[2017-01-07 15:07:39] my_logger.INFO: Registration [] []
[2017-01-07 15:08:02] my_logger.INFO: Registration [] []
[2017-01-07 15:08:07] my_logger.INFO: Registration [] []
[2017-01-07 15:08:25] my_logger.INFO: Registration [] []
[2017-01-07 15:08:31] my_logger.INFO: Registration [] []
[2017-01-07 15:09:23] my_logger.INFO: Registration [] []
[2017-01-07 15:09:36] my_logger.INFO: Registration [] []
[2017-01-07 15:09:53] my_logger.INFO: Registration [] []
[2017-01-07 15:09:55] my_logger.INFO: Registration [] []
[2017-01-07 15:09:58] my_logger.INFO: Registration [] []
[2017-01-07 18:13:45] my_logger.INFO: Registration [] []
[2017-01-07 18:13:55] my_logger.INFO: Registration [] []
[2017-01-07 18:13:58] my_logger.INFO: Registration [] []
[2017-01-07 18:14:00] my_logger.INFO: Registration [] []
[2017-01-07 18:14:01] my_logger.INFO: Registration [] []
[2017-01-07 18:14:10] my_logger.INFO: Registration [] []
[2017-01-07 18:15:09] my_logger.INFO: Registration [] []
[2017-01-07 18:15:10] my_logger.INFO: Registration [] []
[2017-01-07 18:15:11] my_logger.INFO: Registration [] []
[2017-01-07 18:15:30] my_logger.INFO: Registration [] []
[2017-01-07 18:32:29] my_logger.INFO: User details [] []
[2017-01-07 18:33:06] my_logger.INFO: User details [] []
[2017-01-07 18:33:27] my_logger.INFO: User details [] []
[2017-01-07 18:33:43] my_logger.INFO: User details [] []
[2017-01-07 18:37:07] my_logger.INFO: User details [] []
[2017-01-07 18:37:43] my_logger.INFO: Registration [] []
[2017-01-07 18:37:48] my_logger.INFO: Registration [] []
[2017-01-08 05:36:11] my_logger.INFO: Registration [] []
[2017-01-08 05:36:35] my_logger.INFO: Registration [] []
[2017-01-08 05:36:41] my_logger.INFO: Registration [] []
[2017-01-08 05:50:48] my_logger.INFO: User details [] []
[2017-01-08 06:31:12] my_logger.INFO: User details [] []
[2017-01-08 06:31:26] my_logger.INFO: User details [] []
[2017-01-08 06:50:20] my_logger.INFO: Registration [] []
[2017-01-08 06:50:37] my_logger.INFO: Registration [] []
[2017-01-08 06:50:42] my_logger.INFO: Registration [] []
[2017-01-08 06:50:59] my_logger.INFO: Registration [] []
[2017-01-08 06:51:07] my_logger.INFO: Registration [] []
[2017-01-08 06:51:18] my_logger.INFO: Registration [] []
[2017-01-08 06:51:57] my_logger.INFO: Registration [] []
[2017-01-08 07:03:38] my_logger.INFO: Registration [] []
[2017-01-08 07:03:46] my_logger.INFO: Registration [] []
[2017-01-08 07:04:03] my_logger.INFO: Registration [] []
[2017-01-08 07:04:08] my_logger.INFO: Registration [] []
[2017-01-08 07:04:12] my_logger.INFO: Registration [] []
[2017-01-08 07:04:36] my_logger.INFO: Registration [] []
[2017-01-08 07:05:05] my_logger.INFO: Registration [] []
[2017-01-08 07:05:48] my_logger.INFO: Registration [] []
[2017-01-08 07:05:59] my_logger.INFO: Registration [] []
[2017-01-08 07:06:03] my_logger.INFO: Registration [] []
[2017-01-08 07:06:07] my_logger.INFO: Registration [] []
[2017-01-08 07:06:27] my_logger.INFO: Registration [] []
[2017-01-08 07:06:29] my_logger.INFO: Registration [] []
[2017-01-08 07:06:35] my_logger.INFO: Registration [] []
[2017-01-08 07:07:01] my_logger.INFO: Registration [] []
[2017-01-08 07:07:07] my_logger.INFO: User details [] []
[2017-01-08 07:09:04] my_logger.INFO: Registration [] []
[2017-01-09 13:08:56] my_logger.INFO: Registration [] []
[2017-01-09 13:14:39] my_logger.INFO: Registration [] []
[2017-01-09 13:25:27] my_logger.INFO: Registration [] []
[2017-01-09 13:26:51] my_logger.INFO: Registration [] []
[2017-01-09 13:27:00] my_logger.INFO: Registration [] []
[2017-01-09 13:27:07] my_logger.INFO: Registration [] []
[2017-01-09 13:27:13] my_logger.INFO: Registration [] []
[2017-01-09 13:27:19] my_logger.INFO: Registration [] []
[2017-01-09 13:32:58] my_logger.INFO: Registration [] []
[2017-01-09 13:34:09] my_logger.INFO: Registration [] []
[2017-01-09 13:34:19] my_logger.INFO: Registration [] []
[2017-01-09 13:36:55] my_logger.INFO: Registration [] []
[2017-01-09 13:37:02] my_logger.INFO: Registration [] []
[2017-01-09 13:37:23] my_logger.INFO: Registration [] []
[2017-01-09 13:51:07] my_logger.INFO: Registration [] []
[2017-01-09 13:51:17] my_logger.INFO: Registration [] []
[2017-01-09 13:51:23] my_logger.INFO: Registration [] []
[2017-01-09 13:57:13] my_logger.INFO: Registration [] []
[2017-01-09 14:04:45] my_logger.INFO: Registration [] []
[2017-01-09 14:04:52] my_logger.INFO: Registration [] []
[2017-01-09 14:05:49] my_logger.INFO: Registration [] []
[2017-01-09 14:06:07] my_logger.INFO: Registration [] []
[2017-01-09 14:17:19] my_logger.INFO: Registration [] []
[2017-01-10 14:06:19] my_logger.INFO: Registration [] []
[2017-01-10 14:27:39] my_logger.INFO: Registration [] []
[2017-01-10 14:28:07] my_logger.INFO: Registration [] []
[2017-01-12 15:12:25] my_logger.INFO: Search [] []
[2017-01-12 15:12:42] my_logger.INFO: Search [] []
[2017-01-12 15:12:46] my_logger.INFO: Search [] []
[2017-01-12 15:12:51] my_logger.INFO: Search [] []
[2017-01-12 15:13:08] my_logger.INFO: Search [] []
[2017-01-12 15:13:18] my_logger.INFO: Search [] []
[2017-01-12 15:13:34] my_logger.INFO: Search [] []
[2017-01-12 15:16:04] my_logger.INFO: User details [] []
[2017-01-12 15:16:36] my_logger.INFO: Post Function for ads [] []
[2017-01-12 15:16:36] my_logger.INFO: Something interesting happened [] []
[2017-01-12 15:16:47] my_logger.INFO: Post Function for ads [] []
[2017-01-12 15:16:47] my_logger.INFO: Something interesting happened [] []
[2017-01-12 15:20:44] my_logger.INFO: Post Function for ads [] []
[2017-01-12 15:20:44] my_logger.INFO: Something interesting happened [] []
[2017-01-12 15:22:32] my_logger.INFO: Post Function for ads [] []
[2017-01-12 15:22:32] my_logger.INFO: Something interesting happened [] []
[2017-01-12 15:22:36] my_logger.INFO: Post Function for ads [] []
[2017-01-12 15:22:36] my_logger.INFO: Something interesting happened [] []
[2017-01-12 15:24:15] my_logger.INFO: Post Function for ads [] []
[2017-01-12 15:24:15] my_logger.INFO: Something interesting happened [] []
[2017-01-12 15:24:19] my_logger.INFO: Post Function for ads [] []
[2017-01-12 15:24:19] my_logger.INFO: Something interesting happened [] []
[2017-01-12 15:27:58] my_logger.INFO: Post Function for ads [] []
[2017-01-12 15:27:58] my_logger.INFO: Something interesting happened [] []
[2017-01-12 15:28:00] my_logger.INFO: Post Function for ads [] []
[2017-01-12 15:28:00] my_logger.INFO: Something interesting happened [] []
[2017-01-13 13:54:55] my_logger.INFO: Search [] []
[2017-01-13 13:55:05] my_logger.INFO: Search [] []
[2017-01-13 13:55:14] my_logger.INFO: Search [] []
[2017-01-13 13:56:15] my_logger.INFO: Search [] []
[2017-01-13 13:56:26] my_logger.INFO: Search [] []
[2017-01-14 08:57:14] my_logger.INFO: Get Function for ads [] []
[2017-01-14 15:28:29] my_logger.INFO: Search [] []
[2017-01-14 16:20:59] my_logger.INFO: Registration [] []
[2017-01-14 16:21:29] my_logger.INFO: Registration [] []
[2017-01-14 16:21:44] my_logger.INFO: Registration [] []
[2017-01-14 16:21:53] my_logger.INFO: Registration [] []
[2017-01-14 17:21:31] my_logger.INFO: Registration [] []
[2017-01-14 17:25:50] my_logger.INFO: Registration [] []
[2017-01-14 17:26:12] my_logger.INFO: Registration [] []
[2017-01-14 17:31:08] my_logger.INFO: Registration [] []
[2017-01-14 17:31:36] my_logger.INFO: Registration [] []
[2017-01-14 17:33:54] my_logger.INFO: Registration [] []
[2017-01-14 17:38:19] my_logger.INFO: Registration [] []
[2017-01-14 17:54:47] my_logger.INFO: Registration [] []
[2017-01-14 17:56:00] my_logger.INFO: Registration [] []
[2017-01-14 17:57:13] my_logger.INFO: Registration [] []
[2017-01-14 17:57:32] my_logger.INFO: Registration [] []
[2017-01-14 18:15:29] my_logger.INFO: Registration [] []
[2017-01-14 18:15:48] my_logger.INFO: Registration [] []
[2017-01-14 18:15:57] my_logger.INFO: Registration [] []
[2017-01-14 18:17:01] my_logger.INFO: User details [] []
[2017-01-15 05:14:50] my_logger.INFO: Registration [] []
[2017-01-15 05:35:41] my_logger.INFO: Registration [] []
[2017-01-15 06:13:33] my_logger.INFO: Registration [] []
[2017-01-15 06:14:15] my_logger.INFO: Registration [] []
[2017-01-15 06:43:26] my_logger.INFO: Registration [] []
[2017-01-15 06:44:01] my_logger.INFO: Registration [] []
[2017-01-15 06:46:27] my_logger.INFO: Registration [] []
[2017-01-15 06:52:16] my_logger.INFO: Registration [] []
[2017-01-15 06:52:57] my_logger.INFO: Registration [] []
[2017-01-15 07:01:03] my_logger.INFO: Registration [] []
[2017-01-15 07:11:05] my_logger.INFO: Registration [] []
[2017-01-15 07:21:12] my_logger.INFO: Registration [] []
[2017-01-15 07:22:47] my_logger.INFO: Registration [] []
[2017-01-15 07:26:19] my_logger.INFO: Registration [] []
[2017-01-15 07:29:52] my_logger.INFO: Registration [] []
[2017-01-15 07:31:05] my_logger.INFO: Registration [] []
[2017-01-15 07:31:26] my_logger.INFO: Registration [] []
[2017-01-15 07:34:24] my_logger.INFO: Registration [] []
[2017-01-15 07:40:48] my_logger.INFO: Registration [] []
[2017-01-15 07:41:40] my_logger.INFO: Registration [] []
[2017-01-15 07:41:43] my_logger.INFO: Registration [] []
[2017-01-15 07:48:53] my_logger.INFO: Registration [] []
[2017-01-15 08:00:57] my_logger.INFO: Registration [] []
[2017-01-15 08:02:16] my_logger.INFO: Registration [] []
[2017-01-15 08:02:25] my_logger.INFO: Registration [] []
[2017-01-15 08:03:23] my_logger.INFO: Registration [] []
[2017-01-15 08:04:14] my_logger.INFO: Registration [] []
[2017-01-15 08:09:52] my_logger.INFO: Registration [] []
[2017-01-15 08:19:07] my_logger.INFO: Registration [] []
[2017-01-15 08:19:24] my_logger.INFO: Registration [] []
[2017-01-15 08:51:28] my_logger.INFO: Registration [] []
[2017-01-15 08:52:21] my_logger.INFO: Registration [] []
[2017-01-15 09:37:20] my_logger.INFO: Registration [] []
[2017-01-15 09:37:41] my_logger.INFO: Registration [] []
[2017-01-15 09:38:03] my_logger.INFO: Registration [] []
[2017-01-15 09:38:45] my_logger.INFO: Registration [] []
[2017-01-15 09:42:05] my_logger.INFO: Registration [] []
[2017-01-15 09:42:11] my_logger.INFO: Registration [] []
[2017-01-15 09:42:25] my_logger.INFO: Registration [] []
[2017-01-15 09:43:07] my_logger.INFO: Registration [] []
[2017-01-15 09:43:40] my_logger.INFO: Registration [] []
[2017-01-15 09:45:55] my_logger.INFO: Registration [] []
[2017-01-15 09:46:11] my_logger.INFO: Registration [] []
[2017-01-15 09:47:26] my_logger.INFO: Registration [] []
[2017-01-15 09:49:00] my_logger.INFO: Registration [] []
[2017-01-15 09:49:39] my_logger.INFO: Registration [] []
[2017-01-15 09:49:41] my_logger.INFO: Registration [] []
[2017-01-15 09:52:22] my_logger.INFO: Registration [] []
[2017-01-15 09:52:55] my_logger.INFO: Registration [] []
[2017-01-15 09:53:02] my_logger.INFO: Registration [] []
[2017-01-15 09:56:55] my_logger.INFO: Registration [] []
[2017-01-15 09:57:42] my_logger.INFO: Registration [] []
[2017-01-15 09:58:18] my_logger.INFO: Registration [] []
[2017-01-15 09:58:26] my_logger.INFO: Registration [] []
[2017-01-15 10:02:01] my_logger.INFO: Registration [] []
[2017-01-15 10:02:30] my_logger.INFO: Registration [] []
[2017-01-15 10:04:22] my_logger.INFO: Registration [] []
[2017-01-15 10:05:00] my_logger.INFO: Registration [] []
[2017-01-15 10:05:55] my_logger.INFO: Registration [] []
[2017-01-15 10:06:16] my_logger.INFO: Registration [] []
[2017-01-15 10:07:44] my_logger.INFO: Registration [] []
[2017-01-15 10:08:51] my_logger.INFO: Registration [] []
[2017-01-15 10:09:26] my_logger.INFO: Post Function for ads [] []
[2017-01-15 10:09:26] my_logger.INFO: Something interesting happened [] []
[2017-01-15 10:09:55] my_logger.INFO: Post Function for ads [] []
[2017-01-15 10:09:55] my_logger.INFO: Something interesting happened [] []
[2017-01-15 10:10:35] my_logger.INFO: Registration [] []
[2017-01-15 10:10:46] my_logger.INFO: Post Function for ads [] []
[2017-01-15 10:10:46] my_logger.INFO: Something interesting happened [] []
[2017-01-15 10:10:53] my_logger.INFO: Post Function for ads [] []
[2017-01-15 10:10:53] my_logger.INFO: Something interesting happened [] []
[2017-01-15 10:10:57] my_logger.INFO: Post Function for ads [] []
[2017-01-15 10:10:57] my_logger.INFO: Something interesting happened [] []
[2017-01-15 10:11:16] my_logger.INFO: Post Function for ads [] []
[2017-01-15 10:11:16] my_logger.INFO: Something interesting happened [] []
[2017-01-15 10:11:36] my_logger.INFO: User details [] []
[2017-01-15 10:11:46] my_logger.INFO: User details [] []
[2017-01-15 10:12:00] my_logger.INFO: Registration [] []
[2017-01-15 10:12:22] my_logger.INFO: User details [] []
[2017-01-15 10:12:41] my_logger.INFO: Post Function for ads [] []
[2017-01-15 10:12:41] my_logger.INFO: Something interesting happened [] []
[2017-01-15 10:14:01] my_logger.INFO: Get Function for ads [] []
[2017-01-15 10:14:07] my_logger.INFO: Get Function for ads [] []
[2017-01-15 10:14:12] my_logger.INFO: Get Function for ads [] []
[2017-01-15 10:16:20] my_logger.INFO: Registration [] []
[2017-01-15 10:16:47] my_logger.INFO: Get Function for ads [] []
[2017-01-15 10:16:51] my_logger.INFO: Get Function for ads [] []
[2017-01-15 13:09:35] my_logger.INFO: Get Function for ads [] []
[2017-01-16 15:49:21] my_logger.INFO: Post Function for ads [] []
[2017-01-16 15:49:21] my_logger.INFO: Something interesting happened [] []
[2017-01-16 15:49:34] my_logger.INFO: Get Function for ads [] []
[2017-01-16 15:50:06] my_logger.INFO: Registration [] []
[2017-01-16 15:51:05] my_logger.INFO: Post Function for ads [] []
[2017-01-16 15:51:05] my_logger.INFO: Something interesting happened [] []
[2017-01-16 15:51:52] my_logger.INFO: Post Function for ads [] []
[2017-01-16 15:51:52] my_logger.INFO: Something interesting happened [] []
[2017-01-16 15:52:03] my_logger.INFO: Update Function for ads [] []
[2017-01-16 15:52:27] my_logger.INFO: Update Function for ads [] []
[2017-01-16 15:57:37] my_logger.INFO: Delete Function for ads [] []
[2017-01-16 16:00:55] my_logger.INFO: Update Function for ads [] []
[2017-01-16 16:01:08] my_logger.INFO: Delete Function for ads [] []
[2017-01-16 16:01:47] my_logger.INFO: Delete Function for ads [] []
[2017-01-16 16:02:10] my_logger.INFO: Delete Function for ads [] []
[2017-01-16 16:02:48] my_logger.INFO: Delete Function for ads [] []
[2017-01-20 13:40:54] my_logger.INFO: Registration [] []
[2017-01-20 13:41:28] my_logger.INFO: Registration [] []
[2017-01-20 13:43:01] my_logger.INFO: User details [] []
[2017-01-20 13:50:01] my_logger.INFO: User details [] []
[2017-01-20 14:56:02] my_logger.INFO: Registration [] []
[2017-01-21 07:18:39] my_logger.INFO: Upload [] []
[2017-01-21 07:19:24] my_logger.INFO: Upload [] []
[2017-01-21 07:22:33] my_logger.INFO: Upload [] []
[2017-01-21 07:24:47] my_logger.INFO: Upload [] []
[2017-01-21 07:26:58] my_logger.INFO: Upload [] []
[2017-01-21 07:28:22] my_logger.INFO: Upload [] []
[2017-01-21 07:29:22] my_logger.INFO: Upload [] []
[2017-01-21 07:29:32] my_logger.INFO: Upload [] []
[2017-01-21 07:30:04] my_logger.INFO: Upload [] []
[2017-01-21 07:30:11] my_logger.INFO: Upload [] []
[2017-01-21 07:31:48] my_logger.INFO: Upload [] []
[2017-01-21 07:32:11] my_logger.INFO: Upload [] []
[2017-01-21 07:35:09] my_logger.INFO: Upload [] []
[2017-01-21 07:37:04] my_logger.INFO: Upload [] []
[2017-01-21 07:37:36] my_logger.INFO: Upload [] []
[2017-01-21 07:38:36] my_logger.INFO: Upload [] []
[2017-01-21 07:39:09] my_logger.INFO: Upload [] []
[2017-01-21 07:40:11] my_logger.INFO: Upload [] []
[2017-01-21 07:41:40] my_logger.INFO: Upload [] []
[2017-01-21 07:41:59] my_logger.INFO: Upload [] []
[2017-01-21 07:42:09] my_logger.INFO: Upload [] []
[2017-01-21 07:42:42] my_logger.INFO: Upload [] []
[2017-01-21 07:46:07] my_logger.INFO: Upload [] []
[2017-01-21 07:46:34] my_logger.INFO: Upload [] []
[2017-01-21 07:46:56] my_logger.INFO: Upload [] []
[2017-01-21 07:47:08] my_logger.INFO: Upload [] []
[2017-01-21 07:47:33] my_logger.INFO: Upload [] []
[2017-01-21 07:47:51] my_logger.INFO: Upload [] []
[2017-01-21 07:48:39] my_logger.INFO: Upload [] []
[2017-01-21 07:52:46] my_logger.INFO: Upload [] []
[2017-01-21 07:53:19] my_logger.INFO: Upload [] []
[2017-01-21 07:59:20] my_logger.INFO: Upload [] []
[2017-01-21 07:59:32] my_logger.INFO: Upload [] []
[2017-01-21 07:59:47] my_logger.INFO: Upload [] []
[2017-01-21 08:56:43] my_logger.INFO: Search [] []
[2017-01-21 09:01:54] my_logger.INFO: Search [] []
[2017-01-21 09:02:19] my_logger.INFO: Search [] []
[2017-01-21 09:07:21] my_logger.INFO: Search [] []
[2017-01-21 09:07:37] my_logger.INFO: Search [] []
[2017-01-21 09:07:42] my_logger.INFO: Search [] []
[2017-01-21 09:08:00] my_logger.INFO: Search [] []
[2017-01-21 09:08:14] my_logger.INFO: Search [] []
[2017-01-21 09:08:24] my_logger.INFO: Search [] []
[2017-01-21 09:08:40] my_logger.INFO: Search [] []
[2017-01-21 09:09:02] my_logger.INFO: Search [] []
[2017-01-25 15:20:42] my_logger.INFO: User details [] []
[2017-01-25 15:20:53] my_logger.INFO: Upload [] []
[2017-01-27 14:18:36] my_logger.INFO: User details [] []
[2017-01-27 14:18:44] my_logger.INFO: Upload [] []
[2017-01-27 17:08:13] my_logger.INFO: Booking [] []
[2017-01-27 17:09:19] my_logger.INFO: Booking [] []
[2017-01-27 17:26:55] my_logger.INFO: Booking [] []
[2017-01-27 17:27:48] my_logger.INFO: Booking [] []
[2017-01-27 17:28:37] my_logger.INFO: Booking [] []
[2017-01-27 17:28:58] my_logger.INFO: Booking [] []
[2017-01-27 17:30:32] my_logger.INFO: Booking [] []
[2017-01-27 17:30:36] my_logger.INFO: Booking [] []
[2017-01-28 09:01:10] my_logger.INFO: Add Booking [] []
[2017-01-28 11:36:32] my_logger.INFO: Registration [] []
[2017-01-28 11:38:22] my_logger.INFO: Registration [] []
[2017-01-28 11:43:19] my_logger.INFO: Registration [] []
[2017-01-28 11:43:42] my_logger.INFO: Registration [] []
[2017-01-28 11:44:06] my_logger.INFO: Registration [] []
[2017-01-28 11:44:27] my_logger.INFO: Registration [] []
[2017-01-28 11:44:55] my_logger.INFO: Registration [] []
[2017-01-28 11:47:44] my_logger.INFO: Registration [] []
[2017-01-28 11:48:36] my_logger.INFO: Registration [] []
[2017-01-28 11:49:04] my_logger.INFO: Registration [] []
[2017-01-28 11:49:13] my_logger.INFO: Registration [] []
[2017-01-28 11:49:25] my_logger.INFO: Registration [] []
[2017-01-28 11:49:35] my_logger.INFO: Registration [] []
[2017-01-28 11:50:05] my_logger.INFO: Registration [] []
[2017-01-28 11:50:22] my_logger.INFO: Registration [] []
[2017-01-28 11:50:39] my_logger.INFO: Registration [] []
[2017-01-28 11:50:48] my_logger.INFO: Registration [] []
[2017-01-28 12:24:19] my_logger.INFO: Registration [] []
[2017-01-28 12:24:24] my_logger.INFO: Registration [] []
[2017-01-28 12:24:33] my_logger.INFO: Registration [] []
[2017-01-28 12:26:57] my_logger.INFO: Registration [] []
[2017-01-28 12:27:03] my_logger.INFO: Registration [] []
[2017-01-28 12:27:15] my_logger.INFO: Registration [] []
[2017-01-28 12:27:27] my_logger.INFO: Registration [] []
[2017-01-28 12:27:35] my_logger.INFO: Registration [] []
[2017-01-28 12:27:54] my_logger.INFO: Registration [] []
[2017-01-28 12:27:56] my_logger.INFO: Registration [] []
[2017-01-28 12:29:23] my_logger.INFO: Registration [] []
[2017-01-28 12:29:37] my_logger.INFO: Registration [] []
[2017-01-28 12:29:45] my_logger.INFO: Registration [] []
[2017-01-28 12:36:21] my_logger.INFO: Add Booking [] []
[2017-01-28 12:37:16] my_logger.INFO: Registration [] []
[2017-01-28 12:37:43] my_logger.INFO: Add Booking [] []
[2017-01-28 12:38:08] my_logger.INFO: Post Function for ads [] []
[2017-01-28 12:38:08] my_logger.INFO: Something interesting happened [] []
[2017-01-28 12:38:43] my_logger.INFO: Post Function for ads [] []
[2017-01-28 12:38:43] my_logger.INFO: Something interesting happened [] []
[2017-01-28 12:38:58] my_logger.INFO: Post Function for ads [] []
[2017-01-28 12:38:58] my_logger.INFO: Something interesting happened [] []
[2017-01-28 12:39:08] my_logger.INFO: Post Function for ads [] []
[2017-01-28 12:39:08] my_logger.INFO: Something interesting happened [] []
[2017-01-28 12:43:00] my_logger.INFO: Get Booking [] []
[2017-01-28 12:43:41] my_logger.INFO: Get Booking [] []
[2017-01-28 12:44:43] my_logger.INFO: Get Booking [] []
[2017-01-28 13:01:33] my_logger.INFO: Get Booking [] []
[2017-01-28 13:02:31] my_logger.INFO: Registration [] []
[2017-01-28 13:02:38] my_logger.INFO: Registration [] []
[2017-01-28 13:02:43] my_logger.INFO: Registration [] []
[2017-01-28 13:03:04] my_logger.INFO: Add Booking [] []
[2017-01-28 13:03:06] my_logger.INFO: Get Booking [] []
[2017-01-28 13:03:12] my_logger.INFO: Get Booking [] []
[2017-01-29 15:20:33] my_logger.INFO: Add Booking [] []
